<?xml version="1.0" encoding="UTF-8"?>
<testsuite name="org.amaap.car.CarTest" tests="6" skipped="0" failures="0" errors="0" timestamp="2024-02-26T09:49:15" hostname="LAPTOP-205J7BQ6" time="0.072">
  <properties/>
  <testcase name="shouldAbleToThrowExceptionForInsufficientFuel()" classname="org.amaap.car.CarTest" time="0.053"/>
  <testcase name="shouldAbleToRefillFuelInCar()" classname="org.amaap.car.CarTest" time="0.005"/>
  <testcase name="shouldAbleToConsumeFuelWhileDriving()" classname="org.amaap.car.CarTest" time="0.002"/>
  <testcase name="shouldAbleToReturnDistanceCoveredInKm()" classname="org.amaap.car.CarTest" time="0.002"/>
  <testcase name="shouldAbleToReturnDistanceToEmpty()" classname="org.amaap.car.CarTest" time="0.002"/>
  <testcase name="shouldAbleToCreateCarWithEmptyFuel()" classname="org.amaap.car.CarTest" time="0.001"/>
  <system-out><![CDATA[]]></system-out>
  <system-err><![CDATA[]]></system-err>
</testsuite>
