<?xml version="1.0" encoding="UTF-8"?>
<testsuite name="org.amaap.liftkata.LiftTest" tests="4" skipped="0" failures="0" errors="0" timestamp="2024-03-04T06:18:40" hostname="LAPTOP-205J7BQ6" time="0.013">
  <properties/>
  <testcase name="shouldAbleToThrowBeyondCapacityExceptionWhenPassengerIsMoreThanMaximumCapacity()" classname="org.amaap.liftkata.LiftTest" time="0.002"/>
  <testcase name="shouldCallLiftAtSourceAndMoveInUpwardDirection()" classname="org.amaap.liftkata.LiftTest" time="0.001"/>
  <testcase name="shouldAbleToInitiateProperties()" classname="org.amaap.liftkata.LiftTest" time="0.003"/>
  <testcase name="shouldGoToDestinationFloorAndMoveInDownwardDirection()" classname="org.amaap.liftkata.LiftTest" time="0.002"/>
  <system-out><![CDATA[]]></system-out>
  <system-err><![CDATA[]]></system-err>
</testsuite>
